#-----------------------------------------------------------
# Vivado v2018.2 (64-bit)
# SW Build 2258646 on Thu Jun 14 20:03:12 MDT 2018
# IP Build 2256618 on Thu Jun 14 22:10:49 MDT 2018
# Start of session at: Wed Sep 19 00:32:08 2018
# Process ID: 2640
# Current directory: C:/Users/elven/Desktop/Hardware Design Lab/NTHU-HDL-LAB1/3 bit comparator
# Command line: vivado.exe -gui_launcher_event rodinguilauncherevent7964 C:\Users\elven\Desktop\Hardware Design Lab\NTHU-HDL-LAB1\3 bit comparator\3 bit comparator.xpr
# Log file: C:/Users/elven/Desktop/Hardware Design Lab/NTHU-HDL-LAB1/3 bit comparator/vivado.log
# Journal file: C:/Users/elven/Desktop/Hardware Design Lab/NTHU-HDL-LAB1/3 bit comparator\vivado.jou
#-----------------------------------------------------------
start_gui
open_project {C:/Users/elven/Desktop/Hardware Design Lab/NTHU-HDL-LAB1/3 bit comparator/3 bit comparator.xpr}
CRITICAL WARNING: [Project 1-19] Could not find the file 'C:/Users/elven/Downloads/Lab1_TeamX_Comparator_3bits.v'.
Scanning sources...
Finished scanning sources
INFO: [IP_Flow 19-234] Refreshing IP repositories
INFO: [IP_Flow 19-1704] No user IP repositories specified
INFO: [IP_Flow 19-2313] Loaded Vivado IP repository 'C:/Xilinx/Vivado/2018.2/data/ip'.
open_project: Time (s): cpu = 00:00:20 ; elapsed = 00:00:10 . Memory (MB): peak = 812.547 ; gain = 87.734
update_compile_order -fileset sources_1
exit
INFO: [Common 17-206] Exiting Vivado at Wed Sep 19 00:38:37 2018...
