#-----------------------------------------------------------
# Vivado v2018.2 (64-bit)
# SW Build 2258646 on Thu Jun 14 20:03:12 MDT 2018
# IP Build 2256618 on Thu Jun 14 22:10:49 MDT 2018
# Start of session at: Thu Dec  6 00:15:04 2018
# Process ID: 15764
# Current directory: C:/Users/Administrator/verilog/NTHU_HDL_TEAM2/verilog/LAB5/mealyTwo
# Command line: vivado.exe -gui_launcher_event rodinguilauncherevent13404 C:\Users\Administrator\verilog\NTHU_HDL_TEAM2\verilog\LAB5\mealyTwo\project_1.xpr
# Log file: C:/Users/Administrator/verilog/NTHU_HDL_TEAM2/verilog/LAB5/mealyTwo/vivado.log
# Journal file: C:/Users/Administrator/verilog/NTHU_HDL_TEAM2/verilog/LAB5/mealyTwo\vivado.jou
#-----------------------------------------------------------
start_gui
open_project C:/Users/Administrator/verilog/NTHU_HDL_TEAM2/verilog/LAB5/mealyTwo/project_1.xpr
Scanning sources...
Finished scanning sources
INFO: [IP_Flow 19-234] Refreshing IP repositories
INFO: [IP_Flow 19-1704] No user IP repositories specified
INFO: [IP_Flow 19-2313] Loaded Vivado IP repository 'C:/Xilinx/Vivado/2018.2/data/ip'.
open_project: Time (s): cpu = 00:00:09 ; elapsed = 00:00:05 . Memory (MB): peak = 802.125 ; gain = 61.102
update_compile_order -fileset sources_1
launch_simulation
INFO: [Vivado 12-5682] Launching behavioral simulation in 'C:/Users/Administrator/verilog/NTHU_HDL_TEAM2/verilog/LAB5/mealyTwo/project_1.sim/sim_1/behav/xsim'
INFO: [SIM-utils-51] Simulation object is 'sim_1'
INFO: [SIM-utils-54] Inspecting design source files for 'Mealy_t' in fileset 'sim_1'...
INFO: [USF-XSim-97] Finding global include files...
INFO: [USF-XSim-98] Fetching design files from 'sim_1'...
INFO: [USF-XSim-2] XSim::Compile design
INFO: [USF-XSim-61] Executing 'COMPILE and ANALYZE' step in 'C:/Users/Administrator/verilog/NTHU_HDL_TEAM2/verilog/LAB5/mealyTwo/project_1.sim/sim_1/behav/xsim'
"xvlog --incr --relax -prj Mealy_t_vlog.prj"
INFO: [USF-XSim-69] 'compile' step finished in '1' seconds
INFO: [USF-XSim-3] XSim::Elaborate design
INFO: [USF-XSim-61] Executing 'ELABORATE' step in 'C:/Users/Administrator/verilog/NTHU_HDL_TEAM2/verilog/LAB5/mealyTwo/project_1.sim/sim_1/behav/xsim'
Vivado Simulator 2018.2
Copyright 1986-1999, 2001-2018 Xilinx, Inc. All Rights Reserved.
Running: C:/Xilinx/Vivado/2018.2/bin/unwrapped/win64.o/xelab.exe -wto b757d098e573487b9ce533f64466526b --incr --debug typical --relax --mt 2 -L xil_defaultlib -L unisims_ver -L unimacro_ver -L secureip --snapshot Mealy_t_behav xil_defaultlib.Mealy_t xil_defaultlib.glbl -log elaborate.log 
Using 2 slave threads.
Starting static elaboration
Completed static elaboration
INFO: [XSIM 43-4323] No Change in HDL. Linking previously generated obj files to create kernel
INFO: [USF-XSim-69] 'elaborate' step finished in '1' seconds
INFO: [USF-XSim-4] XSim::Simulate design
INFO: [USF-XSim-61] Executing 'SIMULATE' step in 'C:/Users/Administrator/verilog/NTHU_HDL_TEAM2/verilog/LAB5/mealyTwo/project_1.sim/sim_1/behav/xsim'
INFO: [USF-XSim-98] *** Running xsim
   with args "Mealy_t_behav -key {Behavioral:sim_1:Functional:Mealy_t} -tclbatch {Mealy_t.tcl} -view {C:/Users/Administrator/verilog/NTHU_HDL_TEAM2/verilog/LAB5/mealyTwo/Mealy_t_behav.wcfg} -log {simulate.log}"
INFO: [USF-XSim-8] Loading simulator feature
Vivado Simulator 2018.2
Time resolution is 1 ps
open_wave_config C:/Users/Administrator/verilog/NTHU_HDL_TEAM2/verilog/LAB5/mealyTwo/Mealy_t_behav.wcfg
source Mealy_t.tcl
# set curr_wave [current_wave_config]
# if { [string length $curr_wave] == 0 } {
#   if { [llength [get_objects]] > 0} {
#     add_wave /
#     set_property needs_save false [current_wave_config]
#   } else {
#      send_msg_id Add_Wave-1 WARNING "No top level signals found. Simulator will start without a wave window. If you want to open a wave window go to 'File->New Waveform Configuration' or type 'create_wave_config' in the TCL console."
#   }
# }
# run 1000ns
$finish called at time : 102 ns : File "C:/Users/Administrator/verilog/NTHU_HDL_TEAM2/verilog/LAB5/mealyTwo/Lab5_Team2_Sliding_Window_Detector_t.v" Line 57
INFO: [USF-XSim-96] XSim completed. Design snapshot 'Mealy_t_behav' loaded.
INFO: [USF-XSim-97] XSim simulation ran for 1000ns
launch_simulation: Time (s): cpu = 00:00:08 ; elapsed = 00:00:06 . Memory (MB): peak = 845.699 ; gain = 22.535
close_sim
