#-----------------------------------------------------------
# Vivado v2018.2 (64-bit)
# SW Build 2258646 on Thu Jun 14 20:03:12 MDT 2018
# IP Build 2256618 on Thu Jun 14 22:10:49 MDT 2018
# Start of session at: Tue Oct  2 23:09:10 2018
# Process ID: 1768
# Current directory: C:/Users/Administrator/verilog/NTHU_HDL_TEAM2/verilog/LAB2/mutiplier
# Command line: vivado.exe -gui_launcher_event rodinguilauncherevent2400 C:\Users\Administrator\verilog\NTHU_HDL_TEAM2\verilog\LAB2\mutiplier\project_1.xpr
# Log file: C:/Users/Administrator/verilog/NTHU_HDL_TEAM2/verilog/LAB2/mutiplier/vivado.log
# Journal file: C:/Users/Administrator/verilog/NTHU_HDL_TEAM2/verilog/LAB2/mutiplier\vivado.jou
#-----------------------------------------------------------
start_gui
open_project C:/Users/Administrator/verilog/NTHU_HDL_TEAM2/verilog/LAB2/mutiplier/project_1.xpr
INFO: [Project 1-313] Project file moved from 'C:/Users/Administrator/verilog/NTHU-HDL-LAB2/mutiplier' since last save.
Scanning sources...
Finished scanning sources
INFO: [IP_Flow 19-234] Refreshing IP repositories
INFO: [IP_Flow 19-1704] No user IP repositories specified
INFO: [IP_Flow 19-2313] Loaded Vivado IP repository 'C:/Xilinx/Vivado/2018.2/data/ip'.
update_compile_order -fileset sources_1
launch_simulation
INFO: [Vivado 12-5682] Launching behavioral simulation in 'C:/Users/Administrator/verilog/NTHU_HDL_TEAM2/verilog/LAB2/mutiplier/project_1.sim/sim_1/behav/xsim'
INFO: [SIM-utils-51] Simulation object is 'sim_1'
INFO: [SIM-utils-54] Inspecting design source files for 'Multiplier_t' in fileset 'sim_1'...
INFO: [USF-XSim-97] Finding global include files...
INFO: [USF-XSim-98] Fetching design files from 'sim_1'...
INFO: [USF-XSim-2] XSim::Compile design
INFO: [USF-XSim-61] Executing 'COMPILE and ANALYZE' step in 'C:/Users/Administrator/verilog/NTHU_HDL_TEAM2/verilog/LAB2/mutiplier/project_1.sim/sim_1/behav/xsim'
"xvlog --incr --relax -prj Multiplier_t_vlog.prj"
INFO: [VRFC 10-2263] Analyzing Verilog file "C:/Users/Administrator/verilog/NTHU_HDL_TEAM2/verilog/LAB2/mutiplier/Lab2_Team2_Multiplier.v" into library xil_defaultlib
INFO: [VRFC 10-311] analyzing module Multiplier
INFO: [VRFC 10-311] analyzing module Adder
INFO: [VRFC 10-311] analyzing module Xor
INFO: [VRFC 10-2263] Analyzing Verilog file "C:/Users/Administrator/verilog/NTHU_HDL_TEAM2/verilog/LAB2/mutiplier/Lab2_Team2_Multiplier_t.v" into library xil_defaultlib
INFO: [VRFC 10-311] analyzing module Multiplier_t
INFO: [VRFC 10-2263] Analyzing Verilog file "C:/Users/Administrator/verilog/NTHU_HDL_TEAM2/verilog/LAB2/mutiplier/project_1.sim/sim_1/behav/xsim/glbl.v" into library xil_defaultlib
INFO: [VRFC 10-311] analyzing module glbl
INFO: [USF-XSim-69] 'compile' step finished in '1' seconds
INFO: [USF-XSim-3] XSim::Elaborate design
INFO: [USF-XSim-61] Executing 'ELABORATE' step in 'C:/Users/Administrator/verilog/NTHU_HDL_TEAM2/verilog/LAB2/mutiplier/project_1.sim/sim_1/behav/xsim'
Vivado Simulator 2018.2
Copyright 1986-1999, 2001-2018 Xilinx, Inc. All Rights Reserved.
Running: C:/Xilinx/Vivado/2018.2/bin/unwrapped/win64.o/xelab.exe -wto 0e69b00a679b4dd8b735a3b6fe210f81 --incr --debug typical --relax --mt 2 -L xil_defaultlib -L unisims_ver -L unimacro_ver -L secureip --snapshot Multiplier_t_behav xil_defaultlib.Multiplier_t xil_defaultlib.glbl -log elaborate.log 
Using 2 slave threads.
Starting static elaboration
WARNING: [VRFC 10-278] actual bit length 32 differs from formal bit length 1 for port cin [C:/Users/Administrator/verilog/NTHU_HDL_TEAM2/verilog/LAB2/mutiplier/Lab2_Team2_Multiplier.v:17]
WARNING: [VRFC 10-278] actual bit length 32 differs from formal bit length 1 for port cin [C:/Users/Administrator/verilog/NTHU_HDL_TEAM2/verilog/LAB2/mutiplier/Lab2_Team2_Multiplier.v:23]
WARNING: [VRFC 10-278] actual bit length 32 differs from formal bit length 1 for port cin [C:/Users/Administrator/verilog/NTHU_HDL_TEAM2/verilog/LAB2/mutiplier/Lab2_Team2_Multiplier.v:31]
WARNING: [VRFC 10-278] actual bit length 32 differs from formal bit length 1 for port b [C:/Users/Administrator/verilog/NTHU_HDL_TEAM2/verilog/LAB2/mutiplier/Lab2_Team2_Multiplier.v:36]
Completed static elaboration
Starting simulation data flow analysis
Completed simulation data flow analysis
Time Resolution for simulation is 1ps
Compiling module xil_defaultlib.Xor
Compiling module xil_defaultlib.Adder
Compiling module xil_defaultlib.Multiplier
Compiling module xil_defaultlib.Multiplier_t
Compiling module xil_defaultlib.glbl
Built simulation snapshot Multiplier_t_behav

****** Webtalk v2018.2 (64-bit)
  **** SW Build 2258646 on Thu Jun 14 20:03:12 MDT 2018
  **** IP Build 2256618 on Thu Jun 14 22:10:49 MDT 2018
    ** Copyright 1986-2018 Xilinx, Inc. All Rights Reserved.

source C:/Users/Administrator/verilog/NTHU_HDL_TEAM2/verilog/LAB2/mutiplier/project_1.sim/sim_1/behav/xsim/xsim.dir/Multiplier_t_behav/webtalk/xsim_webtalk.tcl -notrace
INFO: [Common 17-186] 'C:/Users/Administrator/verilog/NTHU_HDL_TEAM2/verilog/LAB2/mutiplier/project_1.sim/sim_1/behav/xsim/xsim.dir/Multiplier_t_behav/webtalk/usage_statistics_ext_xsim.xml' has been successfully sent to Xilinx on Tue Oct  2 23:15:22 2018. For additional details about this file, please refer to the WebTalk help file at C:/Xilinx/Vivado/2018.2/doc/webtalk_introduction.html.
INFO: [Common 17-206] Exiting Webtalk at Tue Oct  2 23:15:22 2018...
INFO: [USF-XSim-69] 'elaborate' step finished in '5' seconds
INFO: [USF-XSim-4] XSim::Simulate design
INFO: [USF-XSim-61] Executing 'SIMULATE' step in 'C:/Users/Administrator/verilog/NTHU_HDL_TEAM2/verilog/LAB2/mutiplier/project_1.sim/sim_1/behav/xsim'
INFO: [USF-XSim-98] *** Running xsim
   with args "Multiplier_t_behav -key {Behavioral:sim_1:Functional:Multiplier_t} -tclbatch {Multiplier_t.tcl} -log {simulate.log}"
INFO: [USF-XSim-8] Loading simulator feature
Vivado Simulator 2018.2
Time resolution is 1 ps
source Multiplier_t.tcl
# set curr_wave [current_wave_config]
# if { [string length $curr_wave] == 0 } {
#   if { [llength [get_objects]] > 0} {
#     add_wave /
#     set_property needs_save false [current_wave_config]
#   } else {
#      send_msg_id Add_Wave-1 WARNING "No top level signals found. Simulator will start without a wave window. If you want to open a wave window go to 'File->New Waveform Configuration' or type 'create_wave_config' in the TCL console."
#   }
# }
# run 1000ns
$finish called at time : 513 ns : File "C:/Users/Administrator/verilog/NTHU_HDL_TEAM2/verilog/LAB2/mutiplier/Lab2_Team2_Multiplier_t.v" Line 31
INFO: [USF-XSim-96] XSim completed. Design snapshot 'Multiplier_t_behav' loaded.
INFO: [USF-XSim-97] XSim simulation ran for 1000ns
launch_simulation: Time (s): cpu = 00:00:08 ; elapsed = 00:00:09 . Memory (MB): peak = 855.113 ; gain = 22.289
close_sim
INFO: [Simtcl 6-16] Simulation closed
launch_simulation
INFO: [Vivado 12-5682] Launching behavioral simulation in 'C:/Users/Administrator/verilog/NTHU_HDL_TEAM2/verilog/LAB2/mutiplier/project_1.sim/sim_1/behav/xsim'
INFO: [SIM-utils-51] Simulation object is 'sim_1'
INFO: [SIM-utils-54] Inspecting design source files for 'Multiplier_t' in fileset 'sim_1'...
INFO: [USF-XSim-97] Finding global include files...
INFO: [USF-XSim-98] Fetching design files from 'sim_1'...
INFO: [USF-XSim-2] XSim::Compile design
INFO: [USF-XSim-61] Executing 'COMPILE and ANALYZE' step in 'C:/Users/Administrator/verilog/NTHU_HDL_TEAM2/verilog/LAB2/mutiplier/project_1.sim/sim_1/behav/xsim'
"xvlog --incr --relax -prj Multiplier_t_vlog.prj"
INFO: [VRFC 10-2263] Analyzing Verilog file "C:/Users/Administrator/verilog/NTHU_HDL_TEAM2/verilog/LAB2/mutiplier/Lab2_Team2_Multiplier.v" into library xil_defaultlib
INFO: [VRFC 10-311] analyzing module Multiplier
INFO: [VRFC 10-311] analyzing module Adder
INFO: [VRFC 10-311] analyzing module Xor
INFO: [VRFC 10-2263] Analyzing Verilog file "C:/Users/Administrator/verilog/NTHU_HDL_TEAM2/verilog/LAB2/mutiplier/Lab2_Team2_Multiplier_t.v" into library xil_defaultlib
INFO: [VRFC 10-311] analyzing module Multiplier_t
INFO: [USF-XSim-69] 'compile' step finished in '1' seconds
INFO: [USF-XSim-3] XSim::Elaborate design
INFO: [USF-XSim-61] Executing 'ELABORATE' step in 'C:/Users/Administrator/verilog/NTHU_HDL_TEAM2/verilog/LAB2/mutiplier/project_1.sim/sim_1/behav/xsim'
Vivado Simulator 2018.2
Copyright 1986-1999, 2001-2018 Xilinx, Inc. All Rights Reserved.
Running: C:/Xilinx/Vivado/2018.2/bin/unwrapped/win64.o/xelab.exe -wto 0e69b00a679b4dd8b735a3b6fe210f81 --incr --debug typical --relax --mt 2 -L xil_defaultlib -L unisims_ver -L unimacro_ver -L secureip --snapshot Multiplier_t_behav xil_defaultlib.Multiplier_t xil_defaultlib.glbl -log elaborate.log 
Using 2 slave threads.
Starting static elaboration
WARNING: [VRFC 10-278] actual bit length 32 differs from formal bit length 1 for port cin [C:/Users/Administrator/verilog/NTHU_HDL_TEAM2/verilog/LAB2/mutiplier/Lab2_Team2_Multiplier.v:17]
WARNING: [VRFC 10-278] actual bit length 32 differs from formal bit length 1 for port cin [C:/Users/Administrator/verilog/NTHU_HDL_TEAM2/verilog/LAB2/mutiplier/Lab2_Team2_Multiplier.v:23]
WARNING: [VRFC 10-278] actual bit length 32 differs from formal bit length 1 for port cin [C:/Users/Administrator/verilog/NTHU_HDL_TEAM2/verilog/LAB2/mutiplier/Lab2_Team2_Multiplier.v:31]
WARNING: [VRFC 10-278] actual bit length 32 differs from formal bit length 1 for port b [C:/Users/Administrator/verilog/NTHU_HDL_TEAM2/verilog/LAB2/mutiplier/Lab2_Team2_Multiplier.v:36]
Completed static elaboration
Starting simulation data flow analysis
Completed simulation data flow analysis
Time Resolution for simulation is 1ps
Compiling module xil_defaultlib.Xor
Compiling module xil_defaultlib.Adder
Compiling module xil_defaultlib.Multiplier
Compiling module xil_defaultlib.Multiplier_t
Compiling module xil_defaultlib.glbl
Built simulation snapshot Multiplier_t_behav

****** Webtalk v2018.2 (64-bit)
  **** SW Build 2258646 on Thu Jun 14 20:03:12 MDT 2018
  **** IP Build 2256618 on Thu Jun 14 22:10:49 MDT 2018
    ** Copyright 1986-2018 Xilinx, Inc. All Rights Reserved.

source C:/Users/Administrator/verilog/NTHU_HDL_TEAM2/verilog/LAB2/mutiplier/project_1.sim/sim_1/behav/xsim/xsim.dir/Multiplier_t_behav/webtalk/xsim_webtalk.tcl -notrace
INFO: [Common 17-186] 'C:/Users/Administrator/verilog/NTHU_HDL_TEAM2/verilog/LAB2/mutiplier/project_1.sim/sim_1/behav/xsim/xsim.dir/Multiplier_t_behav/webtalk/usage_statistics_ext_xsim.xml' has been successfully sent to Xilinx on Thu Oct  4 00:11:43 2018. For additional details about this file, please refer to the WebTalk help file at C:/Xilinx/Vivado/2018.2/doc/webtalk_introduction.html.
INFO: [Common 17-206] Exiting Webtalk at Thu Oct  4 00:11:43 2018...
INFO: [USF-XSim-69] 'elaborate' step finished in '5' seconds
INFO: [USF-XSim-4] XSim::Simulate design
INFO: [USF-XSim-61] Executing 'SIMULATE' step in 'C:/Users/Administrator/verilog/NTHU_HDL_TEAM2/verilog/LAB2/mutiplier/project_1.sim/sim_1/behav/xsim'
INFO: [USF-XSim-98] *** Running xsim
   with args "Multiplier_t_behav -key {Behavioral:sim_1:Functional:Multiplier_t} -tclbatch {Multiplier_t.tcl} -log {simulate.log}"
INFO: [USF-XSim-8] Loading simulator feature
Vivado Simulator 2018.2
Time resolution is 1 ps
source Multiplier_t.tcl
# set curr_wave [current_wave_config]
# if { [string length $curr_wave] == 0 } {
#   if { [llength [get_objects]] > 0} {
#     add_wave /
#     set_property needs_save false [current_wave_config]
#   } else {
#      send_msg_id Add_Wave-1 WARNING "No top level signals found. Simulator will start without a wave window. If you want to open a wave window go to 'File->New Waveform Configuration' or type 'create_wave_config' in the TCL console."
#   }
# }
# run 1000ns
$finish called at time : 513 ns : File "C:/Users/Administrator/verilog/NTHU_HDL_TEAM2/verilog/LAB2/mutiplier/Lab2_Team2_Multiplier_t.v" Line 34
INFO: [USF-XSim-96] XSim completed. Design snapshot 'Multiplier_t_behav' loaded.
INFO: [USF-XSim-97] XSim simulation ran for 1000ns
launch_simulation: Time (s): cpu = 00:00:03 ; elapsed = 00:00:07 . Memory (MB): peak = 872.813 ; gain = 0.000
close_sim
INFO: [Simtcl 6-16] Simulation closed
launch_simulation
INFO: [Vivado 12-5682] Launching behavioral simulation in 'C:/Users/Administrator/verilog/NTHU_HDL_TEAM2/verilog/LAB2/mutiplier/project_1.sim/sim_1/behav/xsim'
INFO: [SIM-utils-51] Simulation object is 'sim_1'
INFO: [SIM-utils-54] Inspecting design source files for 'Multiplier_t' in fileset 'sim_1'...
INFO: [USF-XSim-97] Finding global include files...
INFO: [USF-XSim-98] Fetching design files from 'sim_1'...
INFO: [USF-XSim-2] XSim::Compile design
INFO: [USF-XSim-61] Executing 'COMPILE and ANALYZE' step in 'C:/Users/Administrator/verilog/NTHU_HDL_TEAM2/verilog/LAB2/mutiplier/project_1.sim/sim_1/behav/xsim'
"xvlog --incr --relax -prj Multiplier_t_vlog.prj"
INFO: [VRFC 10-2263] Analyzing Verilog file "C:/Users/Administrator/verilog/NTHU_HDL_TEAM2/verilog/LAB2/mutiplier/Lab2_Team2_Multiplier.v" into library xil_defaultlib
INFO: [VRFC 10-311] analyzing module Multiplier
INFO: [VRFC 10-311] analyzing module Adder
INFO: [VRFC 10-311] analyzing module Xor
INFO: [VRFC 10-2263] Analyzing Verilog file "C:/Users/Administrator/verilog/NTHU_HDL_TEAM2/verilog/LAB2/mutiplier/Lab2_Team2_Multiplier_t.v" into library xil_defaultlib
INFO: [VRFC 10-311] analyzing module Multiplier_t
INFO: [USF-XSim-69] 'compile' step finished in '1' seconds
INFO: [USF-XSim-3] XSim::Elaborate design
INFO: [USF-XSim-61] Executing 'ELABORATE' step in 'C:/Users/Administrator/verilog/NTHU_HDL_TEAM2/verilog/LAB2/mutiplier/project_1.sim/sim_1/behav/xsim'
Vivado Simulator 2018.2
Copyright 1986-1999, 2001-2018 Xilinx, Inc. All Rights Reserved.
Running: C:/Xilinx/Vivado/2018.2/bin/unwrapped/win64.o/xelab.exe -wto 0e69b00a679b4dd8b735a3b6fe210f81 --incr --debug typical --relax --mt 2 -L xil_defaultlib -L unisims_ver -L unimacro_ver -L secureip --snapshot Multiplier_t_behav xil_defaultlib.Multiplier_t xil_defaultlib.glbl -log elaborate.log 
Using 2 slave threads.
Starting static elaboration
WARNING: [VRFC 10-278] actual bit length 32 differs from formal bit length 1 for port cin [C:/Users/Administrator/verilog/NTHU_HDL_TEAM2/verilog/LAB2/mutiplier/Lab2_Team2_Multiplier.v:17]
WARNING: [VRFC 10-278] actual bit length 32 differs from formal bit length 1 for port cin [C:/Users/Administrator/verilog/NTHU_HDL_TEAM2/verilog/LAB2/mutiplier/Lab2_Team2_Multiplier.v:23]
WARNING: [VRFC 10-278] actual bit length 32 differs from formal bit length 1 for port cin [C:/Users/Administrator/verilog/NTHU_HDL_TEAM2/verilog/LAB2/mutiplier/Lab2_Team2_Multiplier.v:31]
WARNING: [VRFC 10-278] actual bit length 32 differs from formal bit length 1 for port b [C:/Users/Administrator/verilog/NTHU_HDL_TEAM2/verilog/LAB2/mutiplier/Lab2_Team2_Multiplier.v:36]
Completed static elaboration
Starting simulation data flow analysis
Completed simulation data flow analysis
Time Resolution for simulation is 1ps
Compiling module xil_defaultlib.Xor
Compiling module xil_defaultlib.Adder
Compiling module xil_defaultlib.Multiplier
Compiling module xil_defaultlib.Multiplier_t
Compiling module xil_defaultlib.glbl
Built simulation snapshot Multiplier_t_behav
INFO: [USF-XSim-69] 'elaborate' step finished in '1' seconds
INFO: [USF-XSim-4] XSim::Simulate design
INFO: [USF-XSim-61] Executing 'SIMULATE' step in 'C:/Users/Administrator/verilog/NTHU_HDL_TEAM2/verilog/LAB2/mutiplier/project_1.sim/sim_1/behav/xsim'
INFO: [USF-XSim-98] *** Running xsim
   with args "Multiplier_t_behav -key {Behavioral:sim_1:Functional:Multiplier_t} -tclbatch {Multiplier_t.tcl} -log {simulate.log}"
INFO: [USF-XSim-8] Loading simulator feature
Vivado Simulator 2018.2
Time resolution is 1 ps
source Multiplier_t.tcl
# set curr_wave [current_wave_config]
# if { [string length $curr_wave] == 0 } {
#   if { [llength [get_objects]] > 0} {
#     add_wave /
#     set_property needs_save false [current_wave_config]
#   } else {
#      send_msg_id Add_Wave-1 WARNING "No top level signals found. Simulator will start without a wave window. If you want to open a wave window go to 'File->New Waveform Configuration' or type 'create_wave_config' in the TCL console."
#   }
# }
# run 1000ns
$finish called at time : 513 ns : File "C:/Users/Administrator/verilog/NTHU_HDL_TEAM2/verilog/LAB2/mutiplier/Lab2_Team2_Multiplier_t.v" Line 33
INFO: [USF-XSim-96] XSim completed. Design snapshot 'Multiplier_t_behav' loaded.
INFO: [USF-XSim-97] XSim simulation ran for 1000ns
close_sim
INFO: [Simtcl 6-16] Simulation closed
exit
INFO: [Common 17-206] Exiting Vivado at Thu Oct  4 00:13:33 2018...
