Vivado Simulator 2018.2
Copyright 1986-1999, 2001-2018 Xilinx, Inc. All Rights Reserved.
Running: C:/Xilinx/Vivado/2018.2/bin/unwrapped/win64.o/xelab.exe -wto 966e066bf7234d6e9d9dbde3255ddad6 --incr --debug typical --relax --mt 2 -L xil_defaultlib -L unisims_ver -L unimacro_ver -L secureip --snapshot DecoderTest_behav xil_defaultlib.DecoderTest xil_defaultlib.glbl -log elaborate.log 
Using 2 slave threads.
Starting static elaboration
Completed static elaboration
Starting simulation data flow analysis
Completed simulation data flow analysis
Time Resolution for simulation is 1ps
Compiling module xil_defaultlib.Carry_Look_Ahead_Adder_Cout_Modu...
Compiling module xil_defaultlib.XOR
Compiling module xil_defaultlib.Carry_Look_Ahead_Adder_Single_Ad...
Compiling module xil_defaultlib.Carry_Look_Ahead_Adder
Compiling module xil_defaultlib.NAND
Compiling module xil_defaultlib.NOR
Compiling module xil_defaultlib.Adder
Compiling module xil_defaultlib.Multiplier
Compiling module xil_defaultlib.Mux_8bit
Compiling module xil_defaultlib.Decode_and_Execute
Compiling module xil_defaultlib.DecoderTest
Compiling module xil_defaultlib.glbl
Built simulation snapshot DecoderTest_behav
