#-----------------------------------------------------------
# Vivado v2018.2 (64-bit)
# SW Build 2258646 on Thu Jun 14 20:03:12 MDT 2018
# IP Build 2256618 on Thu Jun 14 22:10:49 MDT 2018
# Start of session at: Wed Nov  7 00:03:45 2018
# Process ID: 4248
# Current directory: C:/Users/Administrator/verilog/NTHU_HDL_TEAM2/verilog/LAB4/mealy_sequence
# Command line: vivado.exe -gui_launcher_event rodinguilauncherevent4696 C:\Users\Administrator\verilog\NTHU_HDL_TEAM2\verilog\LAB4\mealy_sequence\project_1.xpr
# Log file: C:/Users/Administrator/verilog/NTHU_HDL_TEAM2/verilog/LAB4/mealy_sequence/vivado.log
# Journal file: C:/Users/Administrator/verilog/NTHU_HDL_TEAM2/verilog/LAB4/mealy_sequence\vivado.jou
#-----------------------------------------------------------
start_gui
open_project C:/Users/Administrator/verilog/NTHU_HDL_TEAM2/verilog/LAB4/mealy_sequence/project_1.xpr
Scanning sources...
Finished scanning sources
INFO: [IP_Flow 19-234] Refreshing IP repositories
INFO: [IP_Flow 19-1704] No user IP repositories specified
INFO: [IP_Flow 19-2313] Loaded Vivado IP repository 'C:/Xilinx/Vivado/2018.2/data/ip'.
update_compile_order -fileset sources_1
update_compile_order -fileset sources_1
launch_simulation
INFO: [Vivado 12-5682] Launching behavioral simulation in 'C:/Users/Administrator/verilog/NTHU_HDL_TEAM2/verilog/LAB4/mealy_sequence/project_1.sim/sim_1/behav/xsim'
INFO: [SIM-utils-51] Simulation object is 'sim_1'
INFO: [SIM-utils-54] Inspecting design source files for 'Mealy_t' in fileset 'sim_1'...
INFO: [USF-XSim-97] Finding global include files...
INFO: [USF-XSim-98] Fetching design files from 'sim_1'...
INFO: [USF-XSim-2] XSim::Compile design
INFO: [USF-XSim-61] Executing 'COMPILE and ANALYZE' step in 'C:/Users/Administrator/verilog/NTHU_HDL_TEAM2/verilog/LAB4/mealy_sequence/project_1.sim/sim_1/behav/xsim'
"xvlog --incr --relax -prj Mealy_t_vlog.prj"
INFO: [VRFC 10-2263] Analyzing Verilog file "C:/Users/Administrator/verilog/NTHU_HDL_TEAM2/verilog/LAB4/mealy_sequence/Lab4_Team2_Mealy_Sequence_Detector.v" into library xil_defaultlib
INFO: [VRFC 10-311] analyzing module Mealy_Sequence_Detector
ERROR: [VRFC 10-91] nS0 is not declared [C:/Users/Administrator/verilog/NTHU_HDL_TEAM2/verilog/LAB4/mealy_sequence/Lab4_Team2_Mealy_Sequence_Detector.v:74]
ERROR: [VRFC 10-2787] module Mealy_Sequence_Detector ignored due to previous errors [C:/Users/Administrator/verilog/NTHU_HDL_TEAM2/verilog/LAB4/mealy_sequence/Lab4_Team2_Mealy_Sequence_Detector.v:3]
INFO: [USF-XSim-69] 'compile' step finished in '1' seconds
INFO: [USF-XSim-99] Step results log file:'C:/Users/Administrator/verilog/NTHU_HDL_TEAM2/verilog/LAB4/mealy_sequence/project_1.sim/sim_1/behav/xsim/xvlog.log'
ERROR: [USF-XSim-62] 'compile' step failed with error(s). Please check the Tcl console output or 'C:/Users/Administrator/verilog/NTHU_HDL_TEAM2/verilog/LAB4/mealy_sequence/project_1.sim/sim_1/behav/xsim/xvlog.log' file for more information.
ERROR: [Vivado 12-4473] Detected error while running simulation. Please correct the issue and retry this operation.
ERROR: [Common 17-39] 'launch_simulation' failed due to earlier errors.
launch_simulation
INFO: [Vivado 12-5682] Launching behavioral simulation in 'C:/Users/Administrator/verilog/NTHU_HDL_TEAM2/verilog/LAB4/mealy_sequence/project_1.sim/sim_1/behav/xsim'
INFO: [SIM-utils-51] Simulation object is 'sim_1'
INFO: [SIM-utils-54] Inspecting design source files for 'Mealy_t' in fileset 'sim_1'...
INFO: [USF-XSim-97] Finding global include files...
INFO: [USF-XSim-98] Fetching design files from 'sim_1'...
INFO: [USF-XSim-2] XSim::Compile design
INFO: [USF-XSim-61] Executing 'COMPILE and ANALYZE' step in 'C:/Users/Administrator/verilog/NTHU_HDL_TEAM2/verilog/LAB4/mealy_sequence/project_1.sim/sim_1/behav/xsim'
"xvlog --incr --relax -prj Mealy_t_vlog.prj"
INFO: [VRFC 10-2263] Analyzing Verilog file "C:/Users/Administrator/verilog/NTHU_HDL_TEAM2/verilog/LAB4/mealy_sequence/Lab4_Team2_Mealy_Sequence_Detector.v" into library xil_defaultlib
INFO: [VRFC 10-311] analyzing module Mealy_Sequence_Detector
ERROR: [VRFC 10-91] s0 is not declared [C:/Users/Administrator/verilog/NTHU_HDL_TEAM2/verilog/LAB4/mealy_sequence/Lab4_Team2_Mealy_Sequence_Detector.v:74]
ERROR: [VRFC 10-2787] module Mealy_Sequence_Detector ignored due to previous errors [C:/Users/Administrator/verilog/NTHU_HDL_TEAM2/verilog/LAB4/mealy_sequence/Lab4_Team2_Mealy_Sequence_Detector.v:3]
INFO: [USF-XSim-69] 'compile' step finished in '1' seconds
INFO: [USF-XSim-99] Step results log file:'C:/Users/Administrator/verilog/NTHU_HDL_TEAM2/verilog/LAB4/mealy_sequence/project_1.sim/sim_1/behav/xsim/xvlog.log'
ERROR: [USF-XSim-62] 'compile' step failed with error(s). Please check the Tcl console output or 'C:/Users/Administrator/verilog/NTHU_HDL_TEAM2/verilog/LAB4/mealy_sequence/project_1.sim/sim_1/behav/xsim/xvlog.log' file for more information.
ERROR: [Vivado 12-4473] Detected error while running simulation. Please correct the issue and retry this operation.
ERROR: [Common 17-39] 'launch_simulation' failed due to earlier errors.
launch_simulation
INFO: [Vivado 12-5682] Launching behavioral simulation in 'C:/Users/Administrator/verilog/NTHU_HDL_TEAM2/verilog/LAB4/mealy_sequence/project_1.sim/sim_1/behav/xsim'
INFO: [SIM-utils-51] Simulation object is 'sim_1'
INFO: [SIM-utils-54] Inspecting design source files for 'Mealy_t' in fileset 'sim_1'...
INFO: [USF-XSim-97] Finding global include files...
INFO: [USF-XSim-98] Fetching design files from 'sim_1'...
INFO: [USF-XSim-2] XSim::Compile design
INFO: [USF-XSim-61] Executing 'COMPILE and ANALYZE' step in 'C:/Users/Administrator/verilog/NTHU_HDL_TEAM2/verilog/LAB4/mealy_sequence/project_1.sim/sim_1/behav/xsim'
"xvlog --incr --relax -prj Mealy_t_vlog.prj"
INFO: [VRFC 10-2263] Analyzing Verilog file "C:/Users/Administrator/verilog/NTHU_HDL_TEAM2/verilog/LAB4/mealy_sequence/Lab4_Team2_Mealy_Sequence_Detector.v" into library xil_defaultlib
INFO: [VRFC 10-311] analyzing module Mealy_Sequence_Detector
INFO: [VRFC 10-2263] Analyzing Verilog file "C:/Users/Administrator/verilog/NTHU_HDL_TEAM2/verilog/LAB4/mealy_sequence/Mealy_t.v" into library xil_defaultlib
INFO: [VRFC 10-311] analyzing module Mealy_t
INFO: [USF-XSim-69] 'compile' step finished in '1' seconds
INFO: [USF-XSim-3] XSim::Elaborate design
INFO: [USF-XSim-61] Executing 'ELABORATE' step in 'C:/Users/Administrator/verilog/NTHU_HDL_TEAM2/verilog/LAB4/mealy_sequence/project_1.sim/sim_1/behav/xsim'
Vivado Simulator 2018.2
Copyright 1986-1999, 2001-2018 Xilinx, Inc. All Rights Reserved.
Running: C:/Xilinx/Vivado/2018.2/bin/unwrapped/win64.o/xelab.exe -wto f058371d1511454482dd3e2d51a0fcf1 --incr --debug typical --relax --mt 2 -L xil_defaultlib -L unisims_ver -L unimacro_ver -L secureip --snapshot Mealy_t_behav xil_defaultlib.Mealy_t xil_defaultlib.glbl -log elaborate.log 
Using 2 slave threads.
Starting static elaboration
Completed static elaboration
Starting simulation data flow analysis
Completed simulation data flow analysis
Time Resolution for simulation is 1ps
Compiling module xil_defaultlib.Mealy_Sequence_Detector
Compiling module xil_defaultlib.Mealy_t
Compiling module xil_defaultlib.glbl
Built simulation snapshot Mealy_t_behav

****** Webtalk v2018.2 (64-bit)
  **** SW Build 2258646 on Thu Jun 14 20:03:12 MDT 2018
  **** IP Build 2256618 on Thu Jun 14 22:10:49 MDT 2018
    ** Copyright 1986-2018 Xilinx, Inc. All Rights Reserved.

source C:/Users/Administrator/verilog/NTHU_HDL_TEAM2/verilog/LAB4/mealy_sequence/project_1.sim/sim_1/behav/xsim/xsim.dir/Mealy_t_behav/webtalk/xsim_webtalk.tcl -notrace
INFO: [Common 17-186] 'C:/Users/Administrator/verilog/NTHU_HDL_TEAM2/verilog/LAB4/mealy_sequence/project_1.sim/sim_1/behav/xsim/xsim.dir/Mealy_t_behav/webtalk/usage_statistics_ext_xsim.xml' has been successfully sent to Xilinx on Wed Nov  7 00:06:53 2018. For additional details about this file, please refer to the WebTalk help file at C:/Xilinx/Vivado/2018.2/doc/webtalk_introduction.html.
INFO: [Common 17-206] Exiting Webtalk at Wed Nov  7 00:06:53 2018...
run_program: Time (s): cpu = 00:00:00 ; elapsed = 00:00:05 . Memory (MB): peak = 851.914 ; gain = 0.000
INFO: [USF-XSim-69] 'elaborate' step finished in '5' seconds
INFO: [USF-XSim-4] XSim::Simulate design
INFO: [USF-XSim-61] Executing 'SIMULATE' step in 'C:/Users/Administrator/verilog/NTHU_HDL_TEAM2/verilog/LAB4/mealy_sequence/project_1.sim/sim_1/behav/xsim'
INFO: [USF-XSim-98] *** Running xsim
   with args "Mealy_t_behav -key {Behavioral:sim_1:Functional:Mealy_t} -tclbatch {Mealy_t.tcl} -view {C:/Users/Administrator/verilog/NTHU_HDL_TEAM2/verilog/LAB4/mealy_sequence/Mealy_t_behav.wcfg} -log {simulate.log}"
INFO: [USF-XSim-8] Loading simulator feature
Vivado Simulator 2018.2
Time resolution is 1 ps
open_wave_config C:/Users/Administrator/verilog/NTHU_HDL_TEAM2/verilog/LAB4/mealy_sequence/Mealy_t_behav.wcfg
source Mealy_t.tcl
# set curr_wave [current_wave_config]
# if { [string length $curr_wave] == 0 } {
#   if { [llength [get_objects]] > 0} {
#     add_wave /
#     set_property needs_save false [current_wave_config]
#   } else {
#      send_msg_id Add_Wave-1 WARNING "No top level signals found. Simulator will start without a wave window. If you want to open a wave window go to 'File->New Waveform Configuration' or type 'create_wave_config' in the TCL console."
#   }
# }
# run 1000ns
$finish called at time : 106 ns : File "C:/Users/Administrator/verilog/NTHU_HDL_TEAM2/verilog/LAB4/mealy_sequence/Mealy_t.v" Line 54
INFO: [USF-XSim-96] XSim completed. Design snapshot 'Mealy_t_behav' loaded.
INFO: [USF-XSim-97] XSim simulation ran for 1000ns
launch_simulation: Time (s): cpu = 00:00:05 ; elapsed = 00:00:09 . Memory (MB): peak = 859.254 ; gain = 7.340
close_sim
INFO: [Simtcl 6-16] Simulation closed
launch_simulation
INFO: [Vivado 12-5682] Launching behavioral simulation in 'C:/Users/Administrator/verilog/NTHU_HDL_TEAM2/verilog/LAB4/mealy_sequence/project_1.sim/sim_1/behav/xsim'
INFO: [SIM-utils-51] Simulation object is 'sim_1'
INFO: [SIM-utils-54] Inspecting design source files for 'Mealy_t' in fileset 'sim_1'...
INFO: [USF-XSim-97] Finding global include files...
INFO: [USF-XSim-98] Fetching design files from 'sim_1'...
INFO: [USF-XSim-2] XSim::Compile design
INFO: [USF-XSim-61] Executing 'COMPILE and ANALYZE' step in 'C:/Users/Administrator/verilog/NTHU_HDL_TEAM2/verilog/LAB4/mealy_sequence/project_1.sim/sim_1/behav/xsim'
"xvlog --incr --relax -prj Mealy_t_vlog.prj"
INFO: [VRFC 10-2263] Analyzing Verilog file "C:/Users/Administrator/verilog/NTHU_HDL_TEAM2/verilog/LAB4/mealy_sequence/Lab4_Team2_Mealy_Sequence_Detector.v" into library xil_defaultlib
INFO: [VRFC 10-311] analyzing module Mealy_Sequence_Detector
INFO: [VRFC 10-2263] Analyzing Verilog file "C:/Users/Administrator/verilog/NTHU_HDL_TEAM2/verilog/LAB4/mealy_sequence/Mealy_t.v" into library xil_defaultlib
INFO: [VRFC 10-311] analyzing module Mealy_t
INFO: [USF-XSim-69] 'compile' step finished in '1' seconds
INFO: [USF-XSim-3] XSim::Elaborate design
INFO: [USF-XSim-61] Executing 'ELABORATE' step in 'C:/Users/Administrator/verilog/NTHU_HDL_TEAM2/verilog/LAB4/mealy_sequence/project_1.sim/sim_1/behav/xsim'
Vivado Simulator 2018.2
Copyright 1986-1999, 2001-2018 Xilinx, Inc. All Rights Reserved.
Running: C:/Xilinx/Vivado/2018.2/bin/unwrapped/win64.o/xelab.exe -wto f058371d1511454482dd3e2d51a0fcf1 --incr --debug typical --relax --mt 2 -L xil_defaultlib -L unisims_ver -L unimacro_ver -L secureip --snapshot Mealy_t_behav xil_defaultlib.Mealy_t xil_defaultlib.glbl -log elaborate.log 
Using 2 slave threads.
Starting static elaboration
Completed static elaboration
Starting simulation data flow analysis
Completed simulation data flow analysis
Time Resolution for simulation is 1ps
Compiling module xil_defaultlib.Mealy_Sequence_Detector
Compiling module xil_defaultlib.Mealy_t
Compiling module xil_defaultlib.glbl
Built simulation snapshot Mealy_t_behav
INFO: [USF-XSim-69] 'elaborate' step finished in '2' seconds
INFO: [USF-XSim-4] XSim::Simulate design
INFO: [USF-XSim-61] Executing 'SIMULATE' step in 'C:/Users/Administrator/verilog/NTHU_HDL_TEAM2/verilog/LAB4/mealy_sequence/project_1.sim/sim_1/behav/xsim'
INFO: [USF-XSim-98] *** Running xsim
   with args "Mealy_t_behav -key {Behavioral:sim_1:Functional:Mealy_t} -tclbatch {Mealy_t.tcl} -view {C:/Users/Administrator/verilog/NTHU_HDL_TEAM2/verilog/LAB4/mealy_sequence/Mealy_t_behav.wcfg} -log {simulate.log}"
INFO: [USF-XSim-8] Loading simulator feature
Vivado Simulator 2018.2
Time resolution is 1 ps
open_wave_config C:/Users/Administrator/verilog/NTHU_HDL_TEAM2/verilog/LAB4/mealy_sequence/Mealy_t_behav.wcfg
source Mealy_t.tcl
# set curr_wave [current_wave_config]
# if { [string length $curr_wave] == 0 } {
#   if { [llength [get_objects]] > 0} {
#     add_wave /
#     set_property needs_save false [current_wave_config]
#   } else {
#      send_msg_id Add_Wave-1 WARNING "No top level signals found. Simulator will start without a wave window. If you want to open a wave window go to 'File->New Waveform Configuration' or type 'create_wave_config' in the TCL console."
#   }
# }
# run 1000ns
$finish called at time : 102 ns : File "C:/Users/Administrator/verilog/NTHU_HDL_TEAM2/verilog/LAB4/mealy_sequence/Mealy_t.v" Line 56
INFO: [USF-XSim-96] XSim completed. Design snapshot 'Mealy_t_behav' loaded.
INFO: [USF-XSim-97] XSim simulation ran for 1000ns
close_sim
INFO: [Simtcl 6-16] Simulation closed
launch_simulation
INFO: [Vivado 12-5682] Launching behavioral simulation in 'C:/Users/Administrator/verilog/NTHU_HDL_TEAM2/verilog/LAB4/mealy_sequence/project_1.sim/sim_1/behav/xsim'
INFO: [SIM-utils-51] Simulation object is 'sim_1'
INFO: [SIM-utils-54] Inspecting design source files for 'Mealy_t' in fileset 'sim_1'...
INFO: [USF-XSim-97] Finding global include files...
INFO: [USF-XSim-98] Fetching design files from 'sim_1'...
INFO: [USF-XSim-2] XSim::Compile design
INFO: [USF-XSim-61] Executing 'COMPILE and ANALYZE' step in 'C:/Users/Administrator/verilog/NTHU_HDL_TEAM2/verilog/LAB4/mealy_sequence/project_1.sim/sim_1/behav/xsim'
"xvlog --incr --relax -prj Mealy_t_vlog.prj"
INFO: [VRFC 10-2263] Analyzing Verilog file "C:/Users/Administrator/verilog/NTHU_HDL_TEAM2/verilog/LAB4/mealy_sequence/Lab4_Team2_Mealy_Sequence_Detector.v" into library xil_defaultlib
INFO: [VRFC 10-311] analyzing module Mealy_Sequence_Detector
INFO: [VRFC 10-2263] Analyzing Verilog file "C:/Users/Administrator/verilog/NTHU_HDL_TEAM2/verilog/LAB4/mealy_sequence/Mealy_t.v" into library xil_defaultlib
INFO: [VRFC 10-311] analyzing module Mealy_t
INFO: [USF-XSim-69] 'compile' step finished in '1' seconds
INFO: [USF-XSim-3] XSim::Elaborate design
INFO: [USF-XSim-61] Executing 'ELABORATE' step in 'C:/Users/Administrator/verilog/NTHU_HDL_TEAM2/verilog/LAB4/mealy_sequence/project_1.sim/sim_1/behav/xsim'
Vivado Simulator 2018.2
Copyright 1986-1999, 2001-2018 Xilinx, Inc. All Rights Reserved.
Running: C:/Xilinx/Vivado/2018.2/bin/unwrapped/win64.o/xelab.exe -wto f058371d1511454482dd3e2d51a0fcf1 --incr --debug typical --relax --mt 2 -L xil_defaultlib -L unisims_ver -L unimacro_ver -L secureip --snapshot Mealy_t_behav xil_defaultlib.Mealy_t xil_defaultlib.glbl -log elaborate.log 
Using 2 slave threads.
Starting static elaboration
Completed static elaboration
Starting simulation data flow analysis
Completed simulation data flow analysis
Time Resolution for simulation is 1ps
Compiling module xil_defaultlib.Mealy_Sequence_Detector
Compiling module xil_defaultlib.Mealy_t
Compiling module xil_defaultlib.glbl
Built simulation snapshot Mealy_t_behav
INFO: [USF-XSim-69] 'elaborate' step finished in '1' seconds
INFO: [USF-XSim-4] XSim::Simulate design
INFO: [USF-XSim-61] Executing 'SIMULATE' step in 'C:/Users/Administrator/verilog/NTHU_HDL_TEAM2/verilog/LAB4/mealy_sequence/project_1.sim/sim_1/behav/xsim'
INFO: [USF-XSim-98] *** Running xsim
   with args "Mealy_t_behav -key {Behavioral:sim_1:Functional:Mealy_t} -tclbatch {Mealy_t.tcl} -view {C:/Users/Administrator/verilog/NTHU_HDL_TEAM2/verilog/LAB4/mealy_sequence/Mealy_t_behav.wcfg} -log {simulate.log}"
INFO: [USF-XSim-8] Loading simulator feature
Vivado Simulator 2018.2
Time resolution is 1 ps
open_wave_config C:/Users/Administrator/verilog/NTHU_HDL_TEAM2/verilog/LAB4/mealy_sequence/Mealy_t_behav.wcfg
source Mealy_t.tcl
# set curr_wave [current_wave_config]
# if { [string length $curr_wave] == 0 } {
#   if { [llength [get_objects]] > 0} {
#     add_wave /
#     set_property needs_save false [current_wave_config]
#   } else {
#      send_msg_id Add_Wave-1 WARNING "No top level signals found. Simulator will start without a wave window. If you want to open a wave window go to 'File->New Waveform Configuration' or type 'create_wave_config' in the TCL console."
#   }
# }
# run 1000ns
$finish called at time : 118 ns : File "C:/Users/Administrator/verilog/NTHU_HDL_TEAM2/verilog/LAB4/mealy_sequence/Mealy_t.v" Line 61
INFO: [USF-XSim-96] XSim completed. Design snapshot 'Mealy_t_behav' loaded.
INFO: [USF-XSim-97] XSim simulation ran for 1000ns
close_sim
INFO: [Simtcl 6-16] Simulation closed
exit
INFO: [Common 17-206] Exiting Vivado at Wed Nov  7 00:36:40 2018...
